10 1 20
200 100 125
210 201 89
1000 900 174
1 1 1
2 1 2
3 1 8
4 1 8
5 1 8
6 1 9
7 1 17
8 1 17
9 1 20
1 10 20
1 9 20
1 8 17
1 7 17
1 6 9
1 5 8
1 4 8
1 3 8
1 2 2
29 28 19
28 29 19
100000 1 351
200000 100000 383
400000 500000 449
100 100 26
1000 1000 112
10000 10000 30
999999 999999 259
999999 999998 259
999998 999999 259
700000 800000 504
666666 555555 509
100000 50000 351
100000 40000 351
100000 30000 351
100000 20000 351
100000 10000 351
100000 1 351
1 100000 351
5678 1234 238
1348 8743 262
34928 23 311
3824 32741 308
342 483 134
119 118 34
24444 3424 282
473 1434 182
3428 41 217
561490 170684 470
96189 83783 333
55554 9171 340
40417 19822 324
66159 79403 351
15086 21970 279
71764 69681 325
98378 86060 333
89007 7330 351
44435 48569 314
50538 35310 324
76333 30579 340
13719 91410 351
89973 16818 351
12059 4518 268
96281 11349 351
91257 72073 351
18343 54656 340
82946 15447 351
84193 38234 351
53509 48862 340
79560 74466 351
20230 80979 351
94790 7924 351
776 72662 340
54712 94461 351
35912 79160 351
16825 93590 351
90868 79159 333
19226 67326 340
28686 63352 340
7310 36005 324
59826 53795 322
79472 60103 351
23136 20110 269
86805 27531 351
79772 21839 351
13607 19627 279
31822 55547 340
14505 17364 271
76330 23872 340
81761 17420 351
15719 97687 351
23681 87583 351
56775 57323 304
14366 34264 311
41138 27867 324
67364 32222 340
69683 92183 351
37345 56644 340
10748 20470 279
13479 92616 351
56168 40323 340
82247 43272 351
21647 40359 324
183333 52914 383
529474 71250 470
532513 427665 470
503466 48777 449
860634 75104 525
809690 70442 509
112755 41770 354
299917 218712 443
199477 134949 383
284132 2196 443
274960 314960 389
