26105 33061 308
1241 23254 279
1388 29468 308
18304 27495 308
6567 22084 279
8939 48422 324
6916 41090 324
8925 46611 324
12465 48590 324
20197 48283 324
3078 10711 262
5414 22775 279
41720 48132 314
12673 33215 308
40934 43409 288
23000 37942 324
18337 35406 311
18480 30047 308
7515 10545 260
8821 46543 324
17939 30710 308
19143 47119 324
7825 17242 276
39267 49774 314
18882 38542 324
24141 28925 308
2913 19393 279
32166 39112 324
10178 32068 308
38901 44181 306
25500 42472 324
10529 30626 308
3621 22557 279
283835 303089 389
138985 316272 443
12738 334633 443
121057 301865 443
381040 382689 374
227620 478620 449
19676 358931 443
130699 181920 383
215632 251265 443
392308 444956 449
73667 79516 351
51200 131883 354
127376 477170 449
10710 355822 443
160438 486138 449
202214 347500 443
384665 480281 449
289849 398723 441
138010 203925 383
179706 466847 449
14212 256522 443
45786 421087 449
31019 163201 383
122599 126570 331
388757 408510 436
63622 175385 383
90294 174689 383
75561 421102 449
34380 350897 443
92519 187407 383
278766 428325 449
144274 378103 443
342878 354483 441
105964 898061 525
609192 937154 525
769321 839078 525
213256 245638 443
287574 438260 449
122343 297673 443
229933 954712 525
156556 841908 525
138990 626078 470
476612 675199 509
317462 358789 441
468641 623645 470
782892 916880 525
664312 878537 525
411887 676581 509
220548 577883 470
156841 553180 470
697322 992651 525
681465 720293 504
478245 941417 525
439371 752515 509
180407 985026 525
193745 660572 509
214547 602406 470
452610 544965 470
322917 362998 441
610851 865861 525
274945 914856 525
346495 799430 509
120588 313991 443
468369 839459 525
537639 939813 525
704339 715049 504
439513 820801 509
