1 10 20
100 200 125
201 210 89
900 1000 174
762 46246 324
33010 36303 324
98921 214749 383
767676 73737 509
72727 63535 325
99291 63636 351
5362 7476 262
82765 73637 351
12 7878 262
646 6362 262
827 8282 262
8484 9282 260
7362 92737 351
7272 89287 351
6256 8218 257
6362 62162 340
71713 73625 294
56236 72534 335
82735 72636 351
62543 87654 351
45342 74635 340
92646 80000 333
63452 54231 335
64789 86352 351
9876 5678 262
4253 6534 262
6453 2314 262
1 877 179
6343 2542 262
1233 6522 262
900 1 179
777 3 171
653 2 145
877 678 179
6432 7262 257
7736 7364 239
8327 62627 340
52416 6767 324
4523 8787 262
83272 7872 351
9889 9786 242
98764 8764 351
123 123 47
12 12 10
13 12 10
14 19 21
5352 8288 262
1 7867 262
6 6363 262
525 7346 262
6362 8928 257
6216 8280 257
5251 6362 262
8737 8263 234
8372 7827 252
92827 92737 209
8288 55252 340
72639 71636 263
82867 921737 525
6362 7272 257
6352 7171 257
9383 6161 262
71626 81717 351
81863 63626 351
76376 92828 351
72727 27377 340
83727 72737 351
62277 27727 340
76262 27372 340
62822 27276 340
72727 27277 340
27272 78272 351
98932 32234 351
23424 24234 282
24424 23424 282
24423 88787 351
73897 89727 351
23234 23424 220
24342 23489 282
13232 23422 279
23222 42344 324
12235 67746 340
76283 72842 325
62646 67236 330
63276 53767 335
63710 63717 255
36276 66272 340
26353 62732 340
62727 26727 340
63722 57625 335
63782 26282 340
26836 26736 246
66278 26782 340
62288 62727 255
72727 72727 144
72828 63765 325
67372 61781 330
53622 56272 322
67272 45143 340
56262 62722 335
15522 62562 340
