1 21 21
8 84 116
27 189 125
64 336 144
125 525 144
216 756 171
343 1029 179
512 1344 182
729 1701 182
1000 2100 182
1331 2541 209
1728 3024 217
2197 3549 217
2744 4116 238
3375 4725 238
4096 5376 215
4913 6069 236
5832 6804 262
6859 7581 257
8000 8400 234
9261 9261 110
10648 10164 255
12167 11109 250
13824 12096 276
15625 13125 276
17576 14196 271
19683 15309 279
21952 16464 279
24389 17661 282
27000 18900 308
29791 20181 308
32768 21504 308
35937 22869 324
39304 24276 324
42875 25725 324
46656 27216 324
50653 28749 324
54872 30324 340
59319 31941 340
64000 33600 340
68921 35301 340
74088 37044 340
79507 38829 351
85184 40656 351
91125 42525 351
97336 44436 351
103823 46389 351
110592 48384 354
117649 50421 354
125000 52500 354
23409 132651 354
24336 140608 354
25281 148877 375
26244 157464 383
27225 166375 383
28224 175616 383
29241 185193 383
30276 195112 383
31329 205379 383
32400 216000 383
33489 226981 386
34596 238328 443
35721 250047 443
36864 262144 443
38025 274625 443
39204 287496 443
40401 300763 443
41616 314432 443
42849 328509 443
44100 343000 443
45369 357911 443
46656 373248 443
47961 389017 443
49284 405224 443
50625 421875 449
51984 438976 449
53361 456533 449
54756 474552 449
56169 493039 449
57600 512000 470
59049 531441 470
60516 551368 470
62001 571787 470
63504 592704 470
65025 614125 470
66564 636056 509
68121 658503 509
69696 681472 509
71289 704969 509
72900 729000 509
74529 753571 509
76176 778688 509
77841 804357 509
79524 830584 509
81225 857375 525
82944 884736 525
84681 912673 525
86436 941192 525
88209 970299 525
90000 999999 525
