179495 113951 383
649994 168275 509
777094 546619 509
795704 742514 468
840560 93684 525
944502 359853 525
38494 870183 525
643264 648237 341
61808 487615 449
306252 863010 525
230883 981379 525
820112 375558 509
989493 923958 507
966206 245796 525
439571 578532 470
24349 678781 509
924379 995798 507
642186 355567 509
919256 632568 525
720490 180788 509
945585 333005 525
689140 378550 509
877598 730143 525
838610 256159 525
227512 303533 443
101613 843862 525
526530 491300 470
273761 123479 443
194280 457566 449
502805 637275 509
941464 306273 525
562855 155207 470
701875 338087 509
846345 856815 419
433268 83404 449
334602 854810 525
636697 553726 509
482834 321199 449
332650 659837 509
573125 6854 470
795044 424760 509
162045 551029 470
833637 463033 509
367798 97548 443
72239 283841 443
703264 679752 442
569825 441052 470
445716 570987 470
357331 661317 509
61372 309987 443
665542 848751 525
500181 612788 470
955337 992804 458
495679 291107 449
858383 916122 476
68717 546107 470
257551 421468 449
634236 477420 509
536732 64613 470
805158 758690 468
276931 514864 470
355827 912511 525
621585 636315 509
294280 215604 443
308459 727422 509
175341 484258 449
121781 852756 525
911841 697971 525
37040 654969 509
528471 240515 470
169191 205975 365
598527 616352 447
138387 599779 470
845490 890681 445
954324 467453 525
670277 156475 509
156620 680334 509
693838 149690 509
517115 483306 470
631955 932221 525
733855 907695 525
885162 343468 525
48367 848937 525
921232 340302 525
534986 703258 509
254968 63531 443
53552 30624 340
393833 339300 441
324278 794374 509
567231 706342 509
718172 848666 525
265806 94618 443
189991 557966 470
528053 36173 470
535083 913260 525
762056 883582 525
920224 456827 525
913332 288552 525
957211 384916 525
997384 35754 525