6359 2446 262
18931 47133 324
48117 40774 314
32007 28032 285
48744 32040 324
16938 7883 276
46781 21929 324
3099 7475 262
35694 26409 324
23705 13263 282
22542 16363 279
47126 6109 324
25243 38288 324
27104 5179 308
14773 22099 279
3223 40624 324
34248 36919 324
6865 11401 268
39413 3993 324
22533 37336 324
6471 21288 279
8246 8112 190
10752 4747 262
14945 16958 271
29382 27959 272
19742 40972 324
22634 6598 279
30944 35206 311
24216 49486 324
21734 13551 279
21765 18988 274
3157 31449 308
36946 41550 306
44582 42488 270
9941 30861 308
44930 7529 324
22830 30508 308
2145 19301 279
18485 43745 324
45589 24264 324
47547 21047 324
23401 17256 279
34030 34156 218
2205 9464 262
11233 28798 308
49380 2869 324
6534 20173 279
25134 31870 308
31652 17795 308
17169 7256 276
6653 12257 268
19940 23772 282
25577 4436 282
12189 25126 282
30680 46310 324
3163 45220 324
5971 8843 262
20738 1122 279
13359 23418 279
19478 23270 274
41113 13751 324
30443 32892 285
1579 38645 324
47925 46630 314
17628 33974 308
3095 35615 311
5968 36393 324
33410 11072 308
5814 42473 324
33105 23713 308
45211 36144 314
7320 42523 324
22409 4267 279
4067 28222 308
10293 18638 279
39232 45070 306
25357 22774 282
41299 11153 324
44057 14973 324
25762 20665 282
39905 38150 275
33847 20164 308
17919 28513 308
43201 18574 324
27447 29589 272
16888 12703 276
5116 26842 308
32789 47393 324
42251 32263 324
23767 15659 282
47494 16064 324
45909 37476 314
5928 23820 282
47753 47792 252
35581 27447 311
43312 6148 324
17160 20143 279
11255 43012 324
39416 28000 324
40467 14941 324
43596 18521 324
11550 2422 268
34503 6611 311
5779 24326 282
48500 49254 296
21865 44392 324
20202 30298 308
6638 39031 324
21319 8384 279
18505 11581 279
5719 18170 279
7995 44583 324
7382 47770 324
44800 34681 324
47807 8754 324
37651 38869 262
18516 45305 324
34593 24614 311
41029 17698 324
13481 5283 276
7920 35750 324
5819 3827 236
12814 24878 282
44533 9342 324
49471 3702 324
20049 30102 308
49894 41174 314
8621 30858 308
39909 45089 306
11167 30222 308
2430 43969 324
30747 25921 308
32153 44539 324
40681 35218 324
23761 6861 282
47429 34191 324
48792 45675 314
17271 9197 276
9643 28486 308
6468 2927 262
34217 3727 308
45476 5314 324
13745 4446 276
27016 13226 308
9231 42266 324
23141 4437 279
12936 38934 324
43620 24595 324
45825 11492 324
33888 15243 308
45386 48550 314
156 25327 282
3787 42999 324
15171 8307 276
18498 27924 308
37888 40603 306
39874 28853 324
19655 23536 282
1299 34592 311
5891 46951 324
15936 25944 282
30204 9142 308
13026 9051 268
44378 40085 288
15562 20823 279
18070 43064 324
33769 35402 311
49331 40704 314
38013 36435 306
30483 5116 308
45562 5145 324
21873 25199 282
213 8611 262
5910 26274 282
10771 20988 279
16458 2857 276
27355 40335 324
3290 23228 279
41450 9417 324
32656 13937 308
31322 34155 285
39868 790 324
38996 30808 324
2376 33822 308
28503 4196 308
41098 18642 324
15679 32853 308
6781 4154 262
38398 5735 324
30061 36869 324
13233 35562 311
29416 39065 324
47184 39676 314
20 1429 182
30399 9698 308
44498 2232 324
31049 19868 308
6989 48348 324
27921 32276 285
7408 43601 324
33235 29270 285
43397 32866 324
36353 12376 324
605 16586 276
31905 8922 308
23375 44819 324
6692 882 262
46048 28463 324
16172 17405 266
32676 46223 324
38234 39273 275
13958 47719 324
14272 49396 324
41307 37511 306
34301 24156 311
36381 44035 306
30838 36181 324
7056 49869 324
25229 7801 282
24771 552 282
42981 15630 324
35315 17819 311
16445 46684 324
46393 43969 314
37054 741 324
25918 15217 282
6710 36843 324
8112 11286 268
1102 23752 282
24828 16555 282
39836 27848 324
39992 44794 288
6383 40085 324
21365 46421 324
1706 22179 279
33859 48430 324
48736 15212 324
22391 17778 274
2945 27659 308
39888 35527 324
14623 25583 282
8921 23610 282
2267 30301 308
11302 31670 308
21206 33274 308
21335 22882 269
22218 46062 324
428 15810 276
45151 40935 314
44884 166 324
32939 22820 308
8447 42639 324
49746 24789 324
13141 27780 308
21070 49612 324
44587 14019 324
14577 5384 276
32212 44426 324
21863 47442 324
36316 38080 306
49170 49010 190
14686 45264 324
11477 9490 268
45047 38459 306
39620 30888 324
21046 6344 279
22826 29126 308
48062 1581 324
29553 47112 324
33909 27843 285
31901 36090 324
46448 36664 314
1804 49225 324
6302 40383 324
25975 37448 324
45048 5305 324
2387 4110 238
28562 7625 308
29177 28707 241
32574 35295 311
15158 21206 279
19805 2131 279
30282 16423 308
7755 12707 268
47461 12275 324
12591 44090 324
29412 33982 285
44086 26977 324
31147 18301 308
34404 46924 324
9701 29154 308
10934 14829 276
30211 14641 308
32357 3584 308
1244 16478 276
38893 2245 324
19629 15620 279
13567 30748 308
42972 34973 324
10007 10776 255
3910 40601 324
20870 12054 279
8401 19676 279
8264 41990 324
36393 34010 324
952 35390 311
679 15382 276
4652 24712 282
33407 22503 308
14547 48722 324
6728 37382 324
26545 34326 311
33234 6921 308
36114 38366 306
16394 14725 271
20645 29097 308
32102 39041 324
33080 17289 308
13119 3978 268
41259 32202 324
6374 37465 324
31401 46743 324
28302 10964 308
15566 15201 240
23919 44383 324
24347 33585 308
42209 38765 306
45414 6037 324
39388 28002 324
8162 48094 324
11591 31410 308
30509 6567 308
20359 2878 279
12241 25934 282
36633 28814 324
47448 27469 324
24032 42279 324
5462 5370 161
13085 6904 268
49790 11814 324
1035 18393 279
27941 49823 324
13376 20368 279
39028 34766 324
17246 9470 276
36137 49114 314
17583 31979 308
33670 32253 267
4652 42528 324
22847 17359 279
29605 34677 311
27506 5274 308
27424 28913 259
37837 973 324
16186 24088 282
22532 45053 324
20968 39591 324
23204 8649 279
5284 3637 238
38673 21454 324
47302 31533 324
9452 13795 276
37667 29492 324
34090 6942 308
40181 48715 314
20236 12687 279
2679 41019 324
24628 35808 324
44315 32797 324
36720 368 324
45140 14135 324
28557 42143 324
24997 33788 308
40964 25535 324
28993 46641 324
48311 38146 314
719 28315 308
21411 43174 324
45003 48421 314
45395 30139 324
6256 48134 324
4662 6442 262
18603 29943 308
29061 26819 259
9090 26589 282
39588 18511 324
8995 23094 279
26084 28882 308
41118 26546 324
17218 33748 308
11654 33893 308
35981 30745 324
29833 19033 308
24761 29711 308
39480 5175 324
32364 29428 285
4276 31922 308
1213 38727 324
45449 2622 324
20002 21503 256
19277 26407 282
40100 4531 324
48714 41960 314
35877 24965 324
9379 36617 324
6050 5502 236
10942 30380 308
8939 34983 311
4462 30967 308
8379 44124 324
8589 5670 262
9172 31604 308
28817 40201 324
19994 19163 274
39305 28385 324
49808 3762 324
45733 48192 314
47985 26385 324
10329 6407 260
31122 14057 308
23061 9605 279
18460 6324 279
46259 33859 324
6067 26063 282
45837 28348 324
5946 15245 276
44058 42879 270
6866 47332 324
41823 29086 324
44614 15034 324
11356 13358 276
45100 3475 324
49767 23904 324
31036 46754 324
6023 14528 276
39507 8321 324
13139 13321 276
30372 15533 308
47655 10686 324
12621 49844 324
9835 25917 282
22851 47650 324
15716 30961 308
32511 39227 324
26707 49955 324
9340 26997 308
9776 19547 279
37794 44545 306
17633 43391 324
46372 12824 324
12486 44343 324
25953 47580 324
25728 1120 282
2530 29465 308
1195 12837 268
27428 38243 324
39468 47969 314
39462 11528 324
10521 42979 324
24691 16027 282
42362 25439 324
39168 14195 324
45119 47374 314
38135 12708 324
29152 36281 324
18684 27281 308
21426 5549 279
26680 43181 324
40163 12731 324
36439 790 324
6833 5296 262
14232 17415 271
31321 7725 308
7218 7276 164
21349 30437 308
1577 33131 308
17011 6764 276
7840 9975 260
29936 5350 308
613 23295 279
34952 40132 324
27026 36387 324
15895 29727 308
17227 48371 324
20268 8270 279
15686 19467 279
43937 42472 270
3646 39924 324
28301 29827 272
14497 6175 276
31906 9718 308
48024 25545 324
1147 42042 324
38117 29701 324
30440 34314 311
7162 8874 252
6836 34876 311
24359 18249 282
49426 5011 324
41777 14263 324
22656 19981 269
8063 15916 276
5499 21259 279
10838 5625 262
6167 17618 276
49441 47871 296
29403 17275 308
27360 11458 308
35139 35545 311
29185 34044 285
5416 5656 236
10126 38806 324
31724 21457 308
7101 21549 279
29220 42613 324
2542 39438 324
19936 7086 279
16122 37674 324
35989 18406 324
8179 45398 324
17051 12796 276
48540 1638 324
19489 17362 279
6722 21189 279
40374 45255 314
20119 2730 279
11167 16348 276
46741 21373 324
23482 4270 279
6237 18919 279
39482 31879 324
38174 19457 324
39705 14673 324
19111 45773 324
29230 23107 308
22510 49765 324
39213 43925 306
43242 23474 324
36914 22333 324
17740 43387 324
13534 17896 279
23931 37418 324
35431 15367 311
14870 34820 311
630 27808 308
37240 43644 306
817 43599 324
23307 17004 279
9273 47220 324
28260 23050 308
9457 31516 308
14665 35601 311
17153 8724 276
16044 3364 276
10256 5155 262
2017 38433 324
31811 46896 324
40424 19510 324
34578 18527 311
9802 10240 242
48664 31262 324
17131 30245 308
43629 39862 306
48842 46906 314
23362 49888 324
5861 15727 276
22964 39480 324
287 43881 324
35697 16097 324
38134 34573 324
49677 26399 324
44915 42563 270
44175 20883 324
25243 45698 324
12808 35592 311
16017 6472 276
14139 309 276
10972 8657 268
13572 29193 308
16129 28222 308
25482 12613 282
19666 37198 324
34848 15735 311
45374 3877 324
1872 43120 324
12818 42625 324
37062 33094 324
27250 27049 259
32579 49499 324
2579 6026 238
7112 38623 324
11994 14944 276
27762 19036 308
8114 35701 324
26468 16841 282
33753 36650 324
45823 24005 324
21409 4093 279
28911 45244 324
46233 12273 324
21507 41486 324
44181 13885 324
23533 40103 324
37021 42101 306
16364 20938 279
24498 42851 324
37223 1962 324
48197 20139 324
18714 25948 282
41114 24887 324
15742 20016 279
17253 13737 271
45098 6873 324
13383 47147 324
22178 10638 279
4468 25751 282
24614 4412 282
43975 42874 270
32675 48723 324
811 46536 324
12071 42884 324
20958 38952 324
28615 45604 324
33550 34452 311
25017 17350 282
29858 15320 308
11235 32630 308
14646 6376 276
662 9460 262
43268 47821 314
27790 34424 311
9043 33497 308
39181 7447 324
34082 6930 308
23612 14585 282
1889 49127 324
9346 21977 279
25860 26641 308
29033 45882 324
11876 33006 308
9054 32936 308
23931 12517 282
6246 40693 324
26917 31172 272
18222 19823 274
49087 12086 324
27431 27091 259
36689 40828 306
887 17289 276
3460 37162 324
43608 39213 306
46066 12130 324
31126 39598 324
11452 20241 279
19745 32057 308
7779 24917 282
48928 24832 324
35233 9874 311
10979 9518 268
5798 6640 262
43959 2845 324
29807 17271 308
20706 23909 282
31378 11087 308
6660 36566 324
4654 31782 308
2243 7343 262
48821 41322 314
2605 49134 324
29719 33478 285
5796 41807 324
35240 23081 311
30995 37908 324
19699 4394 279
42835 21735 324
44851 12314 324
15303 28436 308
27516 25046 308
35918 8060 324
39366 20700 324
37875 2906 324
34137 781 308
38853 13345 324
35027 40652 324
30312 49092 324
1219 35739 324
18624 372 279
44371 35636 324
47611 19083 324
4763 3161 238
10376 24796 282
11452 19183 279
48088 10107 324
40676 36709 306
13097 40527 324
40546 25907 324
28709 8928 308
6759 30656 308
30632 45834 324
33281 29069 285
27439 48161 324
48984 42194 314
19163 9209 279
24960 37697 324
10673 22107 279
32398 10494 308
2209 8811 262
39892 9079 324
35299 27741 311
32615 38344 324
25338 28045 308
22632 27632 308
37385 27447 324
43559 1282 324
45181 5012 324
17172 7978 276
11988 3231 268
29453 35865 324
5466 38473 324
4836 6435 262
11385 696 268
4838 19664 279
47000 18897 324
45852 46666 283
3048 39126 324
14741 13096 276
1293 35661 324
21118 27598 308
20226 16502 279
29248 20037 308
10052 31646 308
11704 45089 324
49976 45969 314
14802 18181 279
37054 44904 306
41172 3964 324
12670 13087 201
24805 22045 282
29069 39461 324
40554 6468 324
177 19222 279
44477 48404 314
41438 39383 306
20687 11074 279
26664 6099 308
17186 4940 276
30790 37180 324
2490 2089 209
35816 28586 324
19332 41462 324
49967 44019 314
15648 18138 279
10446 46841 324
7135 31040 308
41332 7399 324
29452 16069 308
6105 18302 279
19529 45870 324
47285 11677 324
212 7965 262
47122 44485 314
40704 11205 324
41690 32663 324
18170 38227 324
44560 39499 306
39287 5143 324
3699 45444 324
19552 11936 279
31589 47002 324
7212 24983 282
43367 33905 324
6744 8628 257
30413 32320 285
22215 25555 282
3085 10576 262
12813 40202 324
16109 38196 324
25565 21342 282
23929 31379 308
24047 40887 324
43106 13950 324
31712 291 308
38289 33953 324
44277 42577 270
44171 16882 324
18550 33151 308
17435 26703 308
44078 42952 270
1673 4087 238
41813 38091 306
26090 40570 324
12960 22104 279
40673 33547 324
46528 11550 324
36660 46242 314
22725 37036 324
27774 41412 324
48832 32096 324
15561 9853 276
2361 7860 262
10702 25100 282
28760 32566 285
25060 3951 282
17549 22770 279
34874 6446 311
3725 44396 324
26504 43063 324
35546 15689 311
45493 16126 324
10656 45643 324
8671 44151 324
25530 15523 282
27082 31485 285
41581 11206 324
26051 16329 282
4814 18782 279
20894 41133 324
33484 7515 308
10918 21809 279
27206 18618 308
1514 36996 324
13195 19662 279
17499 3298 276
15831 36291 324
16873 33314 308
34558 2673 311
16864 10814 276
35788 38838 306
4492 38279 324
17120 19418 279
39241 32050 324
17306 15001 271
1341 30880 308
7225 48185 324
13672 48443 324
37883 11879 324
12046 6742 268
1846 40670 324
3212 45904 324
10118 15624 276
17798 28692 308
42096 16249 324
37024 32607 324
31922 22318 308
11467 24754 282
46885 28472 324
3069 49346 324
45371 39790 314
40085 29978 324
9388 16981 276
42038 25652 324
25534 14595 282
5490 27461 308
7326 1919 262
41041 4748 324
11443 22151 279
9131 30512 308
22052 6312 279
15939 13526 271
21184 49564 324
11905 38466 324
4915 5558 210
32166 21314 308
37737 28995 324
21850 36320 324
32094 13991 308
46619 41695 314
6432 35076 311
13102 41594 324
29956 37743 324
32913 42856 324
471 44948 324
27134 12794 308
9576 27287 308
2242 40028 324
30049 2667 308
33392 30657 285
12699 27230 308
34616 623 311
36847 19432 324
45039 4114 324
12480 1205 268
32680 6284 308
46680 3701 324
7905 31309 308
240 20636 279
23791 42752 324
48896 7368 324
38384 11351 324
22473 20207 269
25446 43098 324
28976 48675 324
35302 48831 324
8566 28996 308
3158 6211 262
49329 22513 324
7100 10663 260
34529 45241 324
6461 15220 276
8966 13463 276
22900 13273 279
23745 18998 282
39600 49668 314
19466 46884 324
29823 28148 272
20828 15574 279
10121 340 262
26036 17923 282
15929 35569 311
941 43024 324
11080 11360 237
9652 13655 276
10188 46998 324
43419 7165 324
32639 9763 308
42721 44668 270
9521 7186 260
21964 39038 324
46685 40698 314
10388 21853 279
17315 3760 276
11054 13470 276
8186 41391 324
4991 21492 279
47097 28907 324
46901 40518 314
39125 39246 275
46014 31706 324
22057 26255 282
693 6872 262
11884 7922 268
48568 13485 324
741 35038 311
37557 37655 231
24759 35011 311
30980 30670 254
6247 40544 324
33541 46889 324
27929 49456 324
39598 30180 324
9714 17024 276
32550 19051 308
14936 45220 324
22867 32779 308
30309 46410 324
48738 36297 314
35746 46170 314
11914 49934 324
19700 1303 279
39191 17154 324
32803 2054 308
23758 21669 282
18629 30730 308
22580 17868 274
5296 23260 279
2423 6720 262
39937 9893 324
40552 48767 314
27009 8435 308
27372 6465 308
1045 15895 276
24811 24704 264
2887 778 209
49977 36167 314
40808 46242 314
30550 44998 324
14997 40467 324
46258 13147 324
25945 30996 308
26062 36156 324
33125 40226 324
23330 15471 279
36066 9748 324
17704 602 279
23957 16376 282
48240 42798 314
25059 40626 324
49663 32745 324
23620 20424 282
33514 33299 236
34145 18675 308
19755 47600 324
46614 8177 324
266 47974 324
34180 34488 311
16650 19625 279
48869 33122 324
28192 10290 308
23400 15545 279
45646 44315 314
23453 22127 269
3967 33769 308
3705 9959 262
46937 36789 314
13291 12119 276
17557 10934 276
22016 4726 279
35368 20823 311
2599 8365 262
22988 35078 311
