1 10 20
100 200 125
201 210 89
900 1000 174
113023 139049 349
96006 242255 443
144234 73951 375
83774 65920 351
57184 179715 383
249223 80498 443
48516 63160 340
142636 36702 375
86605 68167 351
197416 228775 386
146167 215303 383
120585 110202 349
206946 217437 386
47673 115378 354
241273 31259 443
201101 206433 355
83562 139231 354
170217 114700 383
83512 95710 333
20729 212655 383
96066 68481 351
176375 11680 383
142993 205974 383
22153 16700 279
201847 31338 383
30864 115737 354
455392 346287 449
326378 431695 449
353693 424744 449
420006 352519 449
485285 352053 449
445907 281856 449
373808 430977 449
430585 498582 444
450573 499245 444
327105 278583 389
269761 480172 449
384707 288739 441
459281 330783 449
453775 391105 449
292455 478989 449
256082 393543 441
348364 312100 441
481897 313893 449
259550 309581 407
445575 428421 400
318962 363439 441
311559 332978 384
448000 429228 400
416944 428823 418
305695 286883 389
446170 318767 449
749311 598156 509
513743 744475 509
551459 734312 509
725165 697874 504
712067 580140 509
639617 510856 509
584440 725111 509
505727 583193 470
583998 667563 509
663862 725875 504
617882 623699 372
627380 733048 504
693471 719697 504
528782 512542 439
568383 616320 447
716599 538491 509
639653 594705 509
514195 589972 452
634420 622786 509
547200 736136 509
512329 600059 452
721417 510616 509
507308 651978 509
503267 596650 470
673814 534261 509
506252 634739 509
968656 780376 525
769352 992841 525
888500 815176 525
991393 838076 507
782324 933265 525
967816 840679 507
777762 774924 437
840906 927000 476
901190 862049 445
946235 909360 507
908317 772251 525
965190 952474 414
851526 968933 507
794958 830139 468
796892 890279 525
774066 981995 525
914841 992428 507
780547 763731 468
976089 930001 507
852987 752082 525
760956 903459 525
981666 954039 458
