1 666 145
666 1 145
666 666 114
12345 54321 340
49650 1271 324
36575 95196 351
48555 53594 340
18139 77202 351
12712 99731 351
54669 49820 340
50969 26993 324
3932 67252 340
42998 59043 340
31337 82256 351
6252 84150 351
31390 60869 340
27060 73353 340
30074 48397 324
30863 93712 351
33145 74939 340
27571 53296 340
41973 46244 314
40439 20686 324
27679 17305 308
7069 16493 276
44483 51457 314
41509 77241 351
21170 44703 324
36421 52330 314
52750 35315 340
28646 93284 351
11436 53722 340
4781 55654 340
10146 48990 324
10193 77925 351
28438 99341 351
9759 19469 279
29293 51915 324
13179 94879 351
49022 87437 351
14559 31305 308
3365 57313 340
54844 41757 340
26299 39454 324
2639 12192 268
55360 41530 340
24685 87667 351
54275 51400 340
4655 24657 282
2791 98851 351
32880 44053 324
37297 16416 324
16438 629 276
46876 45386 283
5179 94975 351
42806 20032 324
46043 84012 351
29356 38837 324
43299 43923 270
37450 94044 351
53287 38145 340
38127 27510 324
3246 45207 324
41433 33194 324
40379 76298 340
10320 67421 340
14715 37643 324
47373 52972 340
40961 56878 340
48622 91601 351
11547 27880 308
4413 18582 279
22390 3603 279
23901 23559 251
24426 82985 351
2248 85558 351
8052 39120 324
26072 358 282
39798 92031 351
16096 20511 279
8733 87825 351
25772 8567 282
31636 8567 308
7928 99439 351
1548 77722 351
49870 72188 340
19575 84339 351
7918 44598 324
14391 49023 324
5541 94016 351
26844 52352 324
6085 41702 324
26870 44285 324
51615 30129 324
39290 39853 275
22918 78242 351
50794 42260 314
12154 62683 340
30171 1522 308
18460 31708 308
34510 2822 311
24821 27821 308
47444 36396 314
30872 64408 340
