1 1 1
10000 1 262
3735 5703 236
1865 9736 262
7251 2284 262
349 6024 238
2124 9547 262
8636 6255 257
4157 1564 238
9526 7075 260
7388 6591 257
7370 4572 262
6772 3969 262
3019 35 217
2593 4964 238
435 2171 182
5366 7879 262
1099 518 179
1232 9250 262
136 2824 209
4745 5336 210
8355 7460 252
8242 6684 257
5812 8009 262
7961 203 262
1233 1173 164
251 6723 262
9657 1741 262
4131 1620 238
4697 2887 238
7731 2797 262
9879 6349 260
4716 6337 262
452 9674 262
2643 4494 238
4126 7092 262
5779 2866 238
115 9661 262
5951 1378 238
1858 2997 217
3288 3555 181
4672 9478 262
4066 1755 238
3953 1021 238
8093 9781 260
7806 7259 239
7564 6982 239
1392 9746 262
6951 3507 262
811 9623 262
3854 5936 236
3923 2944 238
950 3023 217
3486 70 217
5488 2726 238
9973 5542 262
5605 1619 238
1347 8425 262
150 7450 262
7159 4452 262
7053 9825 260
8107 3563 262
3556 7499 262
213 9931 262
8281 5417 262
1940 8730 262
1627 5267 238
5719 2162 238
4 3872 238
2425 5988 238
6173 6056 262
6972 2152 262
7768 122 262
6558 3872 262
8725 9624 260
5290 8847 262
9937 3454 262
9731 2403 262
1433 8548 262
7608 4169 262
20 7793 262
4481 7197 262
1425 2309 183
8189 7121 252
3373 2588 217
7845 7831 177
3419 1887 217
6279 5238 262
4279 8456 262
3939 8011 262
4215 7488 262
7814 5191 262
8349 4623 262
426 8754 262
8645 6609 257
4099 3470 238
5992 7990 262
7871 2517 262
6038 325 238
627 3600 217
2781 4369 238
964 7527 262
